[2020-12-21T19:28:46.674] [DEBUG] cheese - login => username:zs,password:123456
[2020-12-21T19:28:46.693] [DEBUG] cheese - zs
[2020-12-21T19:28:46.711] [DEBUG] cheese - null
[2020-12-21T19:28:46.713] [DEBUG] cheese - null
[2020-12-21T19:29:54.097] [DEBUG] cheese - login => username:admin,password:123456
[2020-12-21T19:29:54.098] [DEBUG] cheese - admin
[2020-12-21T19:29:54.139] [DEBUG] cheese - null
[2020-12-21T19:29:54.140] [DEBUG] cheese - null
[2020-12-21T22:21:25.368] [DEBUG] cheese - login => username:admin,password:123456
[2020-12-21T22:21:25.370] [DEBUG] cheese - admin
[2020-12-21T22:21:25.398] [DEBUG] cheese - null
[2020-12-21T22:21:25.399] [DEBUG] cheese - null
[2020-12-21T22:23:19.384] [DEBUG] cheese - login => username:admin,password:123456
[2020-12-21T22:23:19.384] [DEBUG] cheese - admin
[2020-12-21T22:23:19.388] [DEBUG] cheese - null
[2020-12-21T22:23:19.388] [DEBUG] cheese - null
[2020-12-21T22:34:09.398] [DEBUG] cheese - login => username:admin,password:123456
[2020-12-21T22:34:09.398] [DEBUG] cheese - admin
[2020-12-21T22:34:09.401] [DEBUG] cheese - null
[2020-12-21T22:34:09.401] [DEBUG] cheese - null
[2020-12-21T22:34:21.130] [DEBUG] cheese - login => username:admin,password:123456
[2020-12-21T22:34:21.130] [DEBUG] cheese - admin
[2020-12-21T22:34:21.132] [DEBUG] cheese - null
[2020-12-21T22:34:21.132] [DEBUG] cheese - null
[2020-12-21T22:34:29.330] [DEBUG] cheese - login => username:admin,password:123456
[2020-12-21T22:34:29.330] [DEBUG] cheese - admin
[2020-12-21T22:34:29.334] [DEBUG] cheese - null
[2020-12-21T22:34:29.334] [DEBUG] cheese - null
[2020-12-21T22:37:49.528] [DEBUG] cheese - login => username:admin,password:123456
[2020-12-21T22:37:49.528] [DEBUG] cheese - admin
[2020-12-21T22:37:49.530] [DEBUG] cheese - null
[2020-12-21T22:37:49.530] [DEBUG] cheese - null
[2020-12-21T22:37:54.988] [DEBUG] cheese - login => username:admin,password:123456
[2020-12-21T22:37:54.988] [DEBUG] cheese - admin
[2020-12-21T22:37:54.991] [DEBUG] cheese - null
[2020-12-21T22:37:54.991] [DEBUG] cheese - null
[2020-12-21T22:40:40.194] [DEBUG] cheese - login => username:admin,password:123456
[2020-12-21T22:40:40.194] [DEBUG] cheese - admin
[2020-12-21T22:40:40.197] [DEBUG] cheese - null
[2020-12-21T22:40:40.197] [DEBUG] cheese - null
[2020-12-21T22:41:30.460] [DEBUG] cheese - login => username:admina,password:123456
[2020-12-21T22:41:30.460] [DEBUG] cheese - admina
[2020-12-21T22:41:30.463] [DEBUG] cheese - null
[2020-12-21T22:41:30.463] [DEBUG] cheese - null
[2020-12-21T22:41:33.450] [DEBUG] cheese - login => username:admin,password:123456
[2020-12-21T22:41:33.450] [DEBUG] cheese - admin
[2020-12-21T22:41:33.452] [DEBUG] cheese - null
[2020-12-21T22:41:33.452] [DEBUG] cheese - null
[2020-12-22T11:21:35.498] [DEBUG] cheese - login => username:admin,password:123456
[2020-12-22T11:21:35.499] [DEBUG] cheese - admin
[2020-12-22T11:21:35.529] [DEBUG] cheese - null
[2020-12-22T11:21:35.530] [DEBUG] cheese - null
[2020-12-22T11:28:47.816] [DEBUG] cheese - login => username:admin,password:123456
[2020-12-22T11:28:47.816] [DEBUG] cheese - admin
[2020-12-22T11:28:47.821] [DEBUG] cheese - null
[2020-12-22T11:28:47.821] [DEBUG] cheese - null
[2020-12-22T11:32:00.793] [DEBUG] cheese - login => username:admin,password:123456
[2020-12-22T11:32:00.793] [DEBUG] cheese - admin
[2020-12-22T11:32:00.796] [DEBUG] cheese - null
[2020-12-22T11:32:00.796] [DEBUG] cheese - null
[2020-12-22T11:34:15.736] [DEBUG] cheese - login => username:admin,password:123456
[2020-12-22T11:34:15.736] [DEBUG] cheese - admin
[2020-12-22T11:34:15.738] [DEBUG] cheese - null
[2020-12-22T11:34:15.739] [DEBUG] cheese - null
[2020-12-22T11:36:29.509] [DEBUG] cheese - login => username:admin,password:123456
[2020-12-22T11:36:29.509] [DEBUG] cheese - admin
[2020-12-22T11:36:29.511] [DEBUG] cheese - null
[2020-12-22T11:36:29.511] [DEBUG] cheese - null
[2020-12-22T11:46:28.176] [DEBUG] cheese - login => username:admin,password:123456
[2020-12-22T11:46:28.176] [DEBUG] cheese - admin
[2020-12-22T11:46:28.180] [DEBUG] cheese - null
[2020-12-22T11:46:28.180] [DEBUG] cheese - null
[2020-12-22T11:48:33.590] [DEBUG] cheese - login => username:admin,password:123456
[2020-12-22T11:48:33.590] [DEBUG] cheese - admin
[2020-12-22T11:48:33.592] [DEBUG] cheese - null
[2020-12-22T11:48:33.592] [DEBUG] cheese - null
[2020-12-22T11:59:02.554] [DEBUG] cheese - login => username:admin,password:123456
[2020-12-22T11:59:02.554] [DEBUG] cheese - admin
[2020-12-22T11:59:02.557] [DEBUG] cheese - null
[2020-12-22T11:59:02.557] [DEBUG] cheese - null
[2020-12-22T12:18:04.470] [DEBUG] cheese - login => username:admin,password:123456
[2020-12-22T12:18:04.470] [DEBUG] cheese - admin
[2020-12-22T12:18:04.472] [DEBUG] cheese - null
[2020-12-22T12:18:04.472] [DEBUG] cheese - null
[2020-12-22T14:24:00.496] [DEBUG] cheese - login => username:admin,password:123456
[2020-12-22T14:24:00.496] [DEBUG] cheese - admin
[2020-12-22T14:24:00.505] [DEBUG] cheese - null
[2020-12-22T14:24:00.505] [DEBUG] cheese - null
[2020-12-22T14:25:44.667] [DEBUG] cheese - login => username:admin,password:123456
[2020-12-22T14:25:44.667] [DEBUG] cheese - admin
[2020-12-22T14:25:44.673] [DEBUG] cheese - null
[2020-12-22T14:25:44.674] [DEBUG] cheese - null
[2020-12-22T14:34:35.577] [DEBUG] cheese - login => username:admin,password:123456
[2020-12-22T14:34:35.578] [DEBUG] cheese - admin
[2020-12-22T14:34:35.585] [DEBUG] cheese - null
[2020-12-22T14:34:35.585] [DEBUG] cheese - null
[2020-12-22T15:25:13.586] [DEBUG] cheese - login => username:admin,password:123456
[2020-12-22T15:25:13.586] [DEBUG] cheese - admin
[2020-12-22T15:25:13.597] [DEBUG] cheese - null
[2020-12-22T15:25:13.597] [DEBUG] cheese - null
[2020-12-22T15:34:25.629] [DEBUG] cheese - login => username:admin,password:123456
[2020-12-22T15:34:25.630] [DEBUG] cheese - admin
[2020-12-22T15:34:25.637] [DEBUG] cheese - null
[2020-12-22T15:34:25.637] [DEBUG] cheese - null
[2020-12-22T15:35:13.903] [DEBUG] cheese - login => username:admin,password:123456
[2020-12-22T15:35:13.904] [DEBUG] cheese - admin
[2020-12-22T15:35:13.912] [DEBUG] cheese - null
[2020-12-22T15:35:13.912] [DEBUG] cheese - null
[2020-12-22T15:50:26.221] [DEBUG] cheese - login => username:admin,password:123456
[2020-12-22T15:50:26.221] [DEBUG] cheese - admin
[2020-12-22T15:50:26.227] [DEBUG] cheese - null
[2020-12-22T15:50:26.227] [DEBUG] cheese - null
[2020-12-22T15:51:53.068] [DEBUG] cheese - login => username:admin,password:123456
[2020-12-22T15:51:53.069] [DEBUG] cheese - admin
[2020-12-22T15:51:53.075] [DEBUG] cheese - null
[2020-12-22T15:51:53.076] [DEBUG] cheese - null
[2020-12-22T17:14:17.101] [DEBUG] cheese - login => username:admin,password:123456
[2020-12-22T17:14:17.102] [DEBUG] cheese - admin
[2020-12-22T17:14:17.105] [DEBUG] cheese - null
[2020-12-22T17:14:17.105] [DEBUG] cheese - null
[2020-12-22T19:10:04.920] [DEBUG] cheese - login => username:admin,password:123456
[2020-12-22T19:10:04.921] [DEBUG] cheese - admin
[2020-12-22T19:10:04.933] [DEBUG] cheese - null
[2020-12-22T19:10:04.934] [DEBUG] cheese - null
[2020-12-22T19:11:09.274] [DEBUG] cheese - login => username:admin,password:123456
[2020-12-22T19:11:09.276] [DEBUG] cheese - admin
[2020-12-22T19:11:09.290] [DEBUG] cheese - null
[2020-12-22T19:11:09.291] [DEBUG] cheese - null
[2020-12-22T19:12:22.448] [DEBUG] cheese - login => username:admin,password:123456
[2020-12-22T19:12:22.449] [DEBUG] cheese - admin
[2020-12-22T19:12:22.456] [DEBUG] cheese - null
[2020-12-22T19:12:22.456] [DEBUG] cheese - null
[2020-12-22T21:32:13.397] [DEBUG] cheese - login => username:admin,password:123456
[2020-12-22T21:32:13.398] [DEBUG] cheese - admin
[2020-12-22T21:32:13.401] [DEBUG] cheese - null
[2020-12-22T21:32:13.402] [DEBUG] cheese - null
[2020-12-22T21:33:49.423] [DEBUG] cheese - login => username:admin,password:123456
[2020-12-22T21:33:49.424] [DEBUG] cheese - admin
[2020-12-22T21:33:49.434] [DEBUG] cheese - null
[2020-12-22T21:33:49.436] [DEBUG] cheese - null
[2020-12-23T14:52:48.491] [DEBUG] cheese - login => username:admin,password:123456
[2020-12-23T14:52:48.494] [DEBUG] cheese - admin
[2020-12-23T14:52:48.517] [DEBUG] cheese - null
[2020-12-23T14:52:48.518] [DEBUG] cheese - null
[2020-12-23T16:42:13.214] [DEBUG] cheese - null
[2020-12-23T16:42:20.440] [DEBUG] cheese - null
[2020-12-23T16:45:58.107] [DEBUG] cheese - null
[2020-12-23T16:49:50.832] [DEBUG] cheese - null
[2020-12-23T16:49:52.752] [DEBUG] cheese - null
[2020-12-23T16:49:54.908] [DEBUG] cheese - null
[2020-12-24T19:56:47.318] [DEBUG] cheese - login => username:admin,password:123456
[2020-12-24T19:56:47.321] [DEBUG] cheese - admin
[2020-12-24T19:56:47.361] [DEBUG] cheese - null
[2020-12-24T19:56:47.362] [DEBUG] cheese - null
[2020-12-24T20:17:20.991] [DEBUG] cheese - null
[2020-12-24T20:17:23.579] [DEBUG] cheese - null
[2020-12-24T20:24:29.888] [DEBUG] cheese - login => username:admin,password:123456
[2020-12-24T20:24:29.888] [DEBUG] cheese - admin
[2020-12-24T20:24:29.891] [DEBUG] cheese - null
[2020-12-24T20:24:29.891] [DEBUG] cheese - null
[2020-12-24T20:27:03.420] [DEBUG] cheese - login => username:admin,password:123456
[2020-12-24T20:27:03.420] [DEBUG] cheese - admin
[2020-12-24T20:27:03.422] [DEBUG] cheese - null
[2020-12-24T20:27:03.422] [DEBUG] cheese - null
[2020-12-28T21:24:17.007] [DEBUG] cheese - login => username:admin,password:123456
[2020-12-28T21:24:17.010] [DEBUG] cheese - admin
[2020-12-28T21:24:17.048] [DEBUG] cheese - null
[2020-12-28T21:24:17.049] [DEBUG] cheese - null
[2020-12-28T21:24:46.714] [DEBUG] cheese - login => username:admin,password:123456
[2020-12-28T21:24:46.714] [DEBUG] cheese - admin
[2020-12-28T21:24:46.717] [DEBUG] cheese - null
[2020-12-28T21:24:46.718] [DEBUG] cheese - null
[2020-12-28T21:25:14.804] [DEBUG] cheese - null
[2020-12-29T21:24:27.023] [DEBUG] cheese - login => username:admin,password:123456
[2020-12-29T21:24:27.024] [DEBUG] cheese - admin
[2020-12-29T21:24:27.048] [DEBUG] cheese - null
[2020-12-29T21:24:27.048] [DEBUG] cheese - null
[2020-12-29T21:24:42.651] [DEBUG] cheese - login => username:admin,password:123456
[2020-12-29T21:24:42.651] [DEBUG] cheese - admin
[2020-12-29T21:24:42.653] [DEBUG] cheese - null
[2020-12-29T21:24:42.654] [DEBUG] cheese - null
[2020-12-29T21:27:38.026] [DEBUG] cheese - null
[2020-12-29T21:27:41.843] [DEBUG] cheese - null
[2020-12-30T21:47:22.275] [DEBUG] cheese - login => username:admin,password:123456
[2020-12-30T21:47:22.276] [DEBUG] cheese - admin
[2020-12-30T21:47:22.296] [DEBUG] cheese - null
[2020-12-30T21:47:22.296] [DEBUG] cheese - null
[2020-12-30T21:55:33.716] [DEBUG] cheese - login => username:admin,password:123456
[2020-12-30T21:55:33.716] [DEBUG] cheese - admin
[2020-12-30T21:55:33.718] [DEBUG] cheese - null
[2020-12-30T21:55:33.718] [DEBUG] cheese - null
[2021-01-01T15:15:05.217] [DEBUG] cheese - login => username:admin,password:123456
[2021-01-01T15:15:05.218] [DEBUG] cheese - admin
[2021-01-01T15:15:05.248] [DEBUG] cheese - null
[2021-01-01T15:15:05.249] [DEBUG] cheese - null
